<?xml version="1.0" encoding="UTF-8"?>
<!-- Generated by org.testng.reporters.JUnitReportReporter -->
<testsuite hostname="PF-37ZPPE" failures="0" tests="1" name="minhle.testcases.LoginTCs" time="5.260" errors="0" timestamp="2023-03-10T09:55:01 ICT" skipped="0">
  <testcase classname="minhle.testcases.LoginTCs" name="Test" time="5.260"/>
  <system-out/>
</testsuite> <!-- minhle.testcases.LoginTCs -->
